<?xml version="1.0" encoding="UTF-8"?>
<!-- Generated by org.testng.reporters.JUnitReportReporter -->
<testsuite hostname="yuvaraj" failures="0" tests="3" name="pages.HomepageTest" time="101.868" errors="0" timestamp="2024-07-05T22:30:59 IST" skipped="0">
  <testcase classname="pages.HomepageTest" name="toSmartMobile" time="34.181"/>
  <system-out/>
  <testcase classname="pages.HomepageTest" name="toMobileSection" time="23.803"/>
  <system-out/>
  <testcase classname="pages.HomepageTest" name="mobileSection" time="43.884"/>
  <system-out/>
</testsuite> <!-- pages.HomepageTest -->
