<?xml version="1.0" encoding="UTF-8"?>
<!-- Generated by org.testng.reporters.JUnitReportReporter -->
<testsuite hostname="yuvaraj" failures="0" tests="3" name="HomepageTest" time="110.286" errors="0" timestamp="2024-07-05T23:09:59 IST" skipped="0">
  <testcase classname="HomepageTest" name="toSmartMobile" time="38.348"/>
  <system-out/>
  <testcase classname="HomepageTest" name="toMobileSection" time="36.963"/>
  <system-out/>
  <testcase classname="HomepageTest" name="mobileSection" time="34.975"/>
  <system-out/>
</testsuite> <!-- HomepageTest -->
