<?xml version="1.0" encoding="UTF-8"?>
<!-- Generated by org.testng.reporters.JUnitReportReporter -->
<testsuite hostname="yuvaraj" failures="0" tests="4" name="LoginpageTest" time="102.152" errors="0" timestamp="2024-07-05T23:06:28 IST" skipped="0">
  <testcase classname="LoginpageTest" name="verifyLoginFunctionality" time="23.184"/>
  <system-out/>
  <testcase classname="LoginpageTest" name="verifyLoginFunctionality" time="28.787"/>
  <system-out/>
  <testcase classname="LoginpageTest" name="verifyLoginFunctionality" time="24.017"/>
  <system-out/>
  <testcase classname="LoginpageTest" name="verifyLoginFunctionality" time="26.164"/>
  <system-out/>
</testsuite> <!-- LoginpageTest -->
